<?xml version="1.0" encoding="UTF-8"?>
<!-- Generated by org.testng.reporters.JUnitReportReporter -->
<testsuite hostname="INFESCO" failures="0" tests="1" name="test_PKG.FinalP_DataDrivenTest" time="8.729" errors="0" timestamp="2024-10-10T13:50:50 IST" skipped="0">
  <testcase classname="test_PKG.FinalP_DataDrivenTest" name="DataDrivenTest" time="8.729"/>
</testsuite> <!-- test_PKG.FinalP_DataDrivenTest -->
